<?xml version="1.0" encoding="utf-8"?>
<coverage line-rate="0.6025" branch-rate="0.375" version="1.9" timestamp="1679926900" lines-covered="241" lines-valid="400" branches-covered="15" branches-valid="40">
  <sources>
    <source>C:\VS\Attraction\CityAttraction\</source>
  </sources>
  <packages>
    <package name="CityAttraction" line-rate="0.6025" branch-rate="0.375" complexity="86">
      <classes>
        <class name="CityAttraction.Program" filename="Program.cs" line-rate="0" branch-rate="1" complexity="1">
          <methods>
            <method name="Main" signature="()" line-rate="0" branch-rate="1" complexity="1">
              <lines>
                <line number="14" hits="0" branch="False" />
                <line number="15" hits="0" branch="False" />
                <line number="16" hits="0" branch="False" />
                <line number="17" hits="0" branch="False" />
                <line number="18" hits="0" branch="False" />
                <line number="19" hits="0" branch="False" />
                <line number="21" hits="0" branch="False" />
                <line number="22" hits="0" branch="False" />
                <line number="23" hits="0" branch="False" />
              </lines>
            </method>
          </methods>
          <lines>
            <line number="14" hits="0" branch="False" />
            <line number="15" hits="0" branch="False" />
            <line number="16" hits="0" branch="False" />
            <line number="17" hits="0" branch="False" />
            <line number="18" hits="0" branch="False" />
            <line number="19" hits="0" branch="False" />
            <line number="21" hits="0" branch="False" />
            <line number="22" hits="0" branch="False" />
            <line number="23" hits="0" branch="False" />
          </lines>
        </class>
        <class name="CityAttraction.Methods.CityMethods" filename="Methods\CityMethods.cs" line-rate="0" branch-rate="0" complexity="16">
          <methods>
            <method name="ChooseCity" signature="(System.Collections.Generic.List`1&lt;CityAttraction.Cities.City&gt;)" line-rate="0" branch-rate="0" complexity="6">
              <lines>
                <line number="12" hits="0" branch="False" />
                <line number="13" hits="0" branch="False" />
                <line number="14" hits="0" branch="False" />
                <line number="16" hits="0" branch="True" condition-coverage="0% (0/2)">
                  <conditions>
                    <condition number="57" type="jump" coverage="0%" />
                  </conditions>
                </line>
                <line number="17" hits="0" branch="False" />
                <line number="18" hits="0" branch="False" />
                <line number="19" hits="0" branch="False" />
                <line number="21" hits="0" branch="False" />
                <line number="22" hits="0" branch="True" condition-coverage="0% (0/2)">
                  <conditions>
                    <condition number="95" type="jump" coverage="0%" />
                  </conditions>
                </line>
                <line number="23" hits="0" branch="False" />
                <line number="24" hits="0" branch="False" />
                <line number="25" hits="0" branch="False" />
                <line number="27" hits="0" branch="False" />
                <line number="28" hits="0" branch="False" />
                <line number="29" hits="0" branch="False" />
                <line number="31" hits="0" branch="True" condition-coverage="0% (0/2)">
                  <conditions>
                    <condition number="179" type="jump" coverage="0%" />
                  </conditions>
                </line>
                <line number="32" hits="0" branch="False" />
                <line number="33" hits="0" branch="False" />
                <line number="34" hits="0" branch="False" />
                <line number="35" hits="0" branch="False" />
                <line number="38" hits="0" branch="False" />
                <line number="39" hits="0" branch="False" />
              </lines>
            </method>
            <method name="ShowCityDescription" signature="(System.Collections.Generic.List`1&lt;CityAttraction.Cities.City&gt;,System.Collections.Generic.List`1&lt;CityAttraction.Attractions.Attraction&gt;,System.String,System.Collections.Generic.List`1&lt;CityAttraction.Attractions.Zoos.Zoo&gt;,System.Collections.Generic.List`1&lt;CityAttraction.Attractions.Museums.Museum&gt;,System.Collections.Generic.List`1&lt;CityAttraction.Attractions.Churches.Church&gt;)" line-rate="0" branch-rate="0" complexity="2">
              <lines>
                <line number="42" hits="0" branch="False" />
                <line number="43" hits="0" branch="False" />
                <line number="44" hits="0" branch="False" />
                <line number="45" hits="0" branch="False" />
                <line number="46" hits="0" branch="False" />
                <line number="48" hits="0" branch="False" />
                <line number="49" hits="0" branch="True" condition-coverage="0% (0/2)">
                  <conditions>
                    <condition number="62" type="jump" coverage="0%" />
                  </conditions>
                </line>
                <line number="50" hits="0" branch="False" />
                <line number="51" hits="0" branch="False" />
                <line number="52" hits="0" branch="False" />
                <line number="53" hits="0" branch="False" />
              </lines>
            </method>
            <method name="FindCity" signature="(System.Collections.Generic.List`1&lt;CityAttraction.Cities.City&gt;,System.Collections.Generic.List`1&lt;CityAttraction.Attractions.Attraction&gt;,System.String,System.Collections.Generic.List`1&lt;CityAttraction.Attractions.Zoos.Zoo&gt;,System.Collections.Generic.List`1&lt;CityAttraction.Attractions.Museums.Museum&gt;,System.Collections.Generic.List`1&lt;CityAttraction.Attractions.Churches.Church&gt;)" line-rate="0" branch-rate="0" complexity="8">
              <lines>
                <line number="56" hits="0" branch="False" />
                <line number="57" hits="0" branch="False" />
                <line number="58" hits="0" branch="True" condition-coverage="0% (0/2)">
                  <conditions>
                    <condition number="145" type="jump" coverage="0%" />
                  </conditions>
                </line>
                <line number="59" hits="0" branch="False" />
                <line number="60" hits="0" branch="True" condition-coverage="0% (0/2)">
                  <conditions>
                    <condition number="115" type="jump" coverage="0%" />
                  </conditions>
                </line>
                <line number="61" hits="0" branch="False" />
                <line number="62" hits="0" branch="True" condition-coverage="0% (0/2)">
                  <conditions>
                    <condition number="42" type="jump" coverage="0%" />
                  </conditions>
                </line>
                <line number="63" hits="0" branch="False" />
                <line number="64" hits="0" branch="False" />
                <line number="65" hits="0" branch="False" />
                <line number="66" hits="0" branch="False" />
                <line number="67" hits="0" branch="False" />
                <line number="68" hits="0" branch="False" />
                <line number="69" hits="0" branch="False" />
                <line number="70" hits="0" branch="False" />
                <line number="71" hits="0" branch="False" />
                <line number="72" hits="0" branch="False" />
                <line number="74" hits="0" branch="True" condition-coverage="0% (0/2)">
                  <conditions>
                    <condition number="158" type="jump" coverage="0%" />
                  </conditions>
                </line>
                <line number="75" hits="0" branch="False" />
                <line number="76" hits="0" branch="False" />
                <line number="77" hits="0" branch="False" />
                <line number="78" hits="0" branch="False" />
              </lines>
            </method>
          </methods>
          <lines>
            <line number="12" hits="0" branch="False" />
            <line number="13" hits="0" branch="False" />
            <line number="14" hits="0" branch="False" />
            <line number="16" hits="0" branch="True" condition-coverage="0% (0/2)">
              <conditions>
                <condition number="57" type="jump" coverage="0%" />
              </conditions>
            </line>
            <line number="17" hits="0" branch="False" />
            <line number="18" hits="0" branch="False" />
            <line number="19" hits="0" branch="False" />
            <line number="21" hits="0" branch="False" />
            <line number="22" hits="0" branch="True" condition-coverage="0% (0/2)">
              <conditions>
                <condition number="95" type="jump" coverage="0%" />
              </conditions>
            </line>
            <line number="23" hits="0" branch="False" />
            <line number="24" hits="0" branch="False" />
            <line number="25" hits="0" branch="False" />
            <line number="27" hits="0" branch="False" />
            <line number="28" hits="0" branch="False" />
            <line number="29" hits="0" branch="False" />
            <line number="31" hits="0" branch="True" condition-coverage="0% (0/2)">
              <conditions>
                <condition number="179" type="jump" coverage="0%" />
              </conditions>
            </line>
            <line number="32" hits="0" branch="False" />
            <line number="33" hits="0" branch="False" />
            <line number="34" hits="0" branch="False" />
            <line number="35" hits="0" branch="False" />
            <line number="38" hits="0" branch="False" />
            <line number="39" hits="0" branch="False" />
            <line number="42" hits="0" branch="False" />
            <line number="43" hits="0" branch="False" />
            <line number="44" hits="0" branch="False" />
            <line number="45" hits="0" branch="False" />
            <line number="46" hits="0" branch="False" />
            <line number="48" hits="0" branch="False" />
            <line number="49" hits="0" branch="True" condition-coverage="0% (0/2)">
              <conditions>
                <condition number="62" type="jump" coverage="0%" />
              </conditions>
            </line>
            <line number="50" hits="0" branch="False" />
            <line number="51" hits="0" branch="False" />
            <line number="52" hits="0" branch="False" />
            <line number="53" hits="0" branch="False" />
            <line number="56" hits="0" branch="False" />
            <line number="57" hits="0" branch="False" />
            <line number="58" hits="0" branch="True" condition-coverage="0% (0/2)">
              <conditions>
                <condition number="145" type="jump" coverage="0%" />
              </conditions>
            </line>
            <line number="59" hits="0" branch="False" />
            <line number="60" hits="0" branch="True" condition-coverage="0% (0/2)">
              <conditions>
                <condition number="115" type="jump" coverage="0%" />
              </conditions>
            </line>
            <line number="61" hits="0" branch="False" />
            <line number="62" hits="0" branch="True" condition-coverage="0% (0/2)">
              <conditions>
                <condition number="42" type="jump" coverage="0%" />
              </conditions>
            </line>
            <line number="63" hits="0" branch="False" />
            <line number="64" hits="0" branch="False" />
            <line number="65" hits="0" branch="False" />
            <line number="66" hits="0" branch="False" />
            <line number="67" hits="0" branch="False" />
            <line number="68" hits="0" branch="False" />
            <line number="69" hits="0" branch="False" />
            <line number="70" hits="0" branch="False" />
            <line number="71" hits="0" branch="False" />
            <line number="72" hits="0" branch="False" />
            <line number="74" hits="0" branch="True" condition-coverage="0% (0/2)">
              <conditions>
                <condition number="158" type="jump" coverage="0%" />
              </conditions>
            </line>
            <line number="75" hits="0" branch="False" />
            <line number="76" hits="0" branch="False" />
            <line number="77" hits="0" branch="False" />
            <line number="78" hits="0" branch="False" />
          </lines>
        </class>
        <class name="CityAttraction.Methods.OutputMethods" filename="Methods\OutputMethods.cs" line-rate="0.5322" branch-rate="0.625" complexity="24">
          <methods>
            <method name="ConsoleWriteAttractions" signature="(System.Collections.Generic.List`1&lt;CityAttraction.Attractions.Attraction&gt;,CityAttraction.Cities.City)" line-rate="0" branch-rate="0" complexity="4">
              <lines>
                <line number="13" hits="0" branch="False" />
                <line number="14" hits="0" branch="False" />
                <line number="15" hits="0" branch="False" />
                <line number="17" hits="0" branch="True" condition-coverage="0% (0/2)">
                  <conditions>
                    <condition number="130" type="jump" coverage="0%" />
                  </conditions>
                </line>
                <line number="18" hits="0" branch="False" />
                <line number="19" hits="0" branch="True" condition-coverage="0% (0/2)">
                  <conditions>
                    <condition number="61" type="jump" coverage="0%" />
                  </conditions>
                </line>
                <line number="20" hits="0" branch="False" />
                <line number="21" hits="0" branch="False" />
                <line number="22" hits="0" branch="False" />
                <line number="23" hits="0" branch="False" />
                <line number="24" hits="0" branch="False" />
              </lines>
            </method>
            <method name="ConsoleWriteChurches" signature="(System.Collections.Generic.List`1&lt;CityAttraction.Attractions.Churches.Church&gt;,System.String)" line-rate="0" branch-rate="0" complexity="4">
              <lines>
                <line number="27" hits="0" branch="False" />
                <line number="28" hits="0" branch="False" />
                <line number="29" hits="0" branch="False" />
                <line number="30" hits="0" branch="True" condition-coverage="0% (0/2)">
                  <conditions>
                    <condition number="167" type="jump" coverage="0%" />
                  </conditions>
                </line>
                <line number="31" hits="0" branch="False" />
                <line number="32" hits="0" branch="True" condition-coverage="0% (0/2)">
                  <conditions>
                    <condition number="56" type="jump" coverage="0%" />
                  </conditions>
                </line>
                <line number="33" hits="0" branch="False" />
                <line number="34" hits="0" branch="False" />
                <line number="35" hits="0" branch="False" />
                <line number="36" hits="0" branch="False" />
                <line number="37" hits="0" branch="False" />
                <line number="38" hits="0" branch="False" />
                <line number="39" hits="0" branch="False" />
                <line number="40" hits="0" branch="False" />
                <line number="41" hits="0" branch="False" />
              </lines>
            </method>
            <method name="ConsoleWriteMuseums" signature="(System.Collections.Generic.List`1&lt;CityAttraction.Attractions.Museums.Museum&gt;,System.String)" line-rate="0.8332999999999999" branch-rate="0.875" complexity="8">
              <lines>
                <line number="44" hits="1" branch="False" />
                <line number="45" hits="1" branch="False" />
                <line number="46" hits="1" branch="False" />
                <line number="47" hits="7" branch="True" condition-coverage="100% (2/2)">
                  <conditions>
                    <condition number="207" type="jump" coverage="100%" />
                  </conditions>
                </line>
                <line number="48" hits="2" branch="False" />
                <line number="49" hits="2" branch="True" condition-coverage="100% (2/2)">
                  <conditions>
                    <condition number="59" type="jump" coverage="100%" />
                  </conditions>
                </line>
                <line number="50" hits="1" branch="False" />
                <line number="51" hits="9" branch="True" condition-coverage="100% (2/2)">
                  <conditions>
                    <condition number="183" type="jump" coverage="100%" />
                  </conditions>
                </line>
                <line number="52" hits="3" branch="False" />
                <line number="53" hits="3" branch="False" />
                <line number="54" hits="3" branch="True" condition-coverage="50% (1/2)">
                  <conditions>
                    <condition number="108" type="jump" coverage="50%" />
                  </conditions>
                </line>
                <line number="55" hits="0" branch="False" />
                <line number="56" hits="0" branch="False" />
                <line number="57" hits="0" branch="False" />
                <line number="58" hits="3" branch="False" />
                <line number="59" hits="1" branch="False" />
                <line number="60" hits="2" branch="False" />
                <line number="61" hits="1" branch="False" />
              </lines>
            </method>
            <method name="ConsoleWriteZoos" signature="(System.Collections.Generic.List`1&lt;CityAttraction.Attractions.Zoos.Zoo&gt;,System.String)" line-rate="1" branch-rate="1" complexity="8">
              <lines>
                <line number="64" hits="3" branch="False" />
                <line number="65" hits="3" branch="False" />
                <line number="66" hits="3" branch="False" />
                <line number="67" hits="33" branch="True" condition-coverage="100% (2/2)">
                  <conditions>
                    <condition number="165" type="jump" coverage="100%" />
                  </conditions>
                </line>
                <line number="68" hits="12" branch="False" />
                <line number="69" hits="12" branch="True" condition-coverage="100% (2/2)">
                  <conditions>
                    <condition number="56" type="jump" coverage="100%" />
                  </conditions>
                </line>
                <line number="70" hits="4" branch="False" />
                <line number="71" hits="24" branch="True" condition-coverage="100% (2/2)">
                  <conditions>
                    <condition number="141" type="jump" coverage="100%" />
                  </conditions>
                </line>
                <line number="72" hits="6" branch="False" />
                <line number="73" hits="6" branch="False" />
                <line number="74" hits="6" branch="True" condition-coverage="100% (2/2)">
                  <conditions>
                    <condition number="102" type="jump" coverage="100%" />
                  </conditions>
                </line>
                <line number="75" hits="1" branch="False" />
                <line number="76" hits="1" branch="False" />
                <line number="77" hits="1" branch="False" />
                <line number="78" hits="6" branch="False" />
                <line number="79" hits="4" branch="False" />
                <line number="80" hits="12" branch="False" />
                <line number="81" hits="3" branch="False" />
              </lines>
            </method>
          </methods>
          <lines>
            <line number="13" hits="0" branch="False" />
            <line number="14" hits="0" branch="False" />
            <line number="15" hits="0" branch="False" />
            <line number="17" hits="0" branch="True" condition-coverage="0% (0/2)">
              <conditions>
                <condition number="130" type="jump" coverage="0%" />
              </conditions>
            </line>
            <line number="18" hits="0" branch="False" />
            <line number="19" hits="0" branch="True" condition-coverage="0% (0/2)">
              <conditions>
                <condition number="61" type="jump" coverage="0%" />
              </conditions>
            </line>
            <line number="20" hits="0" branch="False" />
            <line number="21" hits="0" branch="False" />
            <line number="22" hits="0" branch="False" />
            <line number="23" hits="0" branch="False" />
            <line number="24" hits="0" branch="False" />
            <line number="27" hits="0" branch="False" />
            <line number="28" hits="0" branch="False" />
            <line number="29" hits="0" branch="False" />
            <line number="30" hits="0" branch="True" condition-coverage="0% (0/2)">
              <conditions>
                <condition number="167" type="jump" coverage="0%" />
              </conditions>
            </line>
            <line number="31" hits="0" branch="False" />
            <line number="32" hits="0" branch="True" condition-coverage="0% (0/2)">
              <conditions>
                <condition number="56" type="jump" coverage="0%" />
              </conditions>
            </line>
            <line number="33" hits="0" branch="False" />
            <line number="34" hits="0" branch="False" />
            <line number="35" hits="0" branch="False" />
            <line number="36" hits="0" branch="False" />
            <line number="37" hits="0" branch="False" />
            <line number="38" hits="0" branch="False" />
            <line number="39" hits="0" branch="False" />
            <line number="40" hits="0" branch="False" />
            <line number="41" hits="0" branch="False" />
            <line number="44" hits="1" branch="False" />
            <line number="45" hits="1" branch="False" />
            <line number="46" hits="1" branch="False" />
            <line number="47" hits="7" branch="True" condition-coverage="100% (2/2)">
              <conditions>
                <condition number="207" type="jump" coverage="100%" />
              </conditions>
            </line>
            <line number="48" hits="2" branch="False" />
            <line number="49" hits="2" branch="True" condition-coverage="100% (2/2)">
              <conditions>
                <condition number="59" type="jump" coverage="100%" />
              </conditions>
            </line>
            <line number="50" hits="1" branch="False" />
            <line number="51" hits="9" branch="True" condition-coverage="100% (2/2)">
              <conditions>
                <condition number="183" type="jump" coverage="100%" />
              </conditions>
            </line>
            <line number="52" hits="3" branch="False" />
            <line number="53" hits="3" branch="False" />
            <line number="54" hits="3" branch="True" condition-coverage="50% (1/2)">
              <conditions>
                <condition number="108" type="jump" coverage="50%" />
              </conditions>
            </line>
            <line number="55" hits="0" branch="False" />
            <line number="56" hits="0" branch="False" />
            <line number="57" hits="0" branch="False" />
            <line number="58" hits="3" branch="False" />
            <line number="59" hits="1" branch="False" />
            <line number="60" hits="2" branch="False" />
            <line number="61" hits="1" branch="False" />
            <line number="64" hits="3" branch="False" />
            <line number="65" hits="3" branch="False" />
            <line number="66" hits="3" branch="False" />
            <line number="67" hits="33" branch="True" condition-coverage="100% (2/2)">
              <conditions>
                <condition number="165" type="jump" coverage="100%" />
              </conditions>
            </line>
            <line number="68" hits="12" branch="False" />
            <line number="69" hits="12" branch="True" condition-coverage="100% (2/2)">
              <conditions>
                <condition number="56" type="jump" coverage="100%" />
              </conditions>
            </line>
            <line number="70" hits="4" branch="False" />
            <line number="71" hits="24" branch="True" condition-coverage="100% (2/2)">
              <conditions>
                <condition number="141" type="jump" coverage="100%" />
              </conditions>
            </line>
            <line number="72" hits="6" branch="False" />
            <line number="73" hits="6" branch="False" />
            <line number="74" hits="6" branch="True" condition-coverage="100% (2/2)">
              <conditions>
                <condition number="102" type="jump" coverage="100%" />
              </conditions>
            </line>
            <line number="75" hits="1" branch="False" />
            <line number="76" hits="1" branch="False" />
            <line number="77" hits="1" branch="False" />
            <line number="78" hits="6" branch="False" />
            <line number="79" hits="4" branch="False" />
            <line number="80" hits="12" branch="False" />
            <line number="81" hits="3" branch="False" />
          </lines>
        </class>
        <class name="CityAttraction.Data.ListManager" filename="Data\ListManager.cs" line-rate="0.7373000000000001" branch-rate="1" complexity="5">
          <methods>
            <method name="FillCities" signature="()" line-rate="0" branch-rate="1" complexity="1">
              <lines>
                <line number="18" hits="0" branch="False" />
                <line number="19" hits="0" branch="False" />
                <line number="20" hits="0" branch="False" />
                <line number="21" hits="0" branch="False" />
                <line number="22" hits="0" branch="False" />
                <line number="23" hits="0" branch="False" />
                <line number="24" hits="0" branch="False" />
                <line number="26" hits="0" branch="False" />
                <line number="27" hits="0" branch="False" />
              </lines>
            </method>
            <method name="FillAttractions" signature="()" line-rate="0" branch-rate="1" complexity="1">
              <lines>
                <line number="30" hits="0" branch="False" />
                <line number="31" hits="0" branch="False" />
                <line number="32" hits="0" branch="False" />
                <line number="33" hits="0" branch="False" />
                <line number="34" hits="0" branch="False" />
                <line number="35" hits="0" branch="False" />
                <line number="36" hits="0" branch="False" />
                <line number="37" hits="0" branch="False" />
                <line number="38" hits="0" branch="False" />
                <line number="39" hits="0" branch="False" />
                <line number="41" hits="0" branch="False" />
                <line number="42" hits="0" branch="False" />
              </lines>
            </method>
            <method name="FillZoos" signature="()" line-rate="1" branch-rate="1" complexity="1">
              <lines>
                <line number="45" hits="2" branch="False" />
                <line number="46" hits="2" branch="False" />
                <line number="47" hits="2" branch="False" />
                <line number="48" hits="2" branch="False" />
                <line number="49" hits="2" branch="False" />
                <line number="50" hits="2" branch="False" />
                <line number="51" hits="2" branch="False" />
                <line number="52" hits="2" branch="False" />
                <line number="53" hits="2" branch="False" />
                <line number="54" hits="2" branch="False" />
                <line number="55" hits="2" branch="False" />
                <line number="56" hits="2" branch="False" />
                <line number="57" hits="2" branch="False" />
                <line number="58" hits="2" branch="False" />
                <line number="59" hits="2" branch="False" />
                <line number="60" hits="2" branch="False" />
                <line number="61" hits="2" branch="False" />
                <line number="62" hits="2" branch="False" />
                <line number="63" hits="2" branch="False" />
                <line number="64" hits="2" branch="False" />
                <line number="65" hits="2" branch="False" />
                <line number="66" hits="2" branch="False" />
                <line number="67" hits="2" branch="False" />
                <line number="68" hits="2" branch="False" />
                <line number="69" hits="2" branch="False" />
                <line number="70" hits="2" branch="False" />
                <line number="71" hits="2" branch="False" />
                <line number="72" hits="2" branch="False" />
                <line number="73" hits="2" branch="False" />
                <line number="74" hits="2" branch="False" />
                <line number="75" hits="2" branch="False" />
                <line number="76" hits="2" branch="False" />
                <line number="77" hits="2" branch="False" />
                <line number="78" hits="2" branch="False" />
                <line number="79" hits="2" branch="False" />
                <line number="80" hits="2" branch="False" />
                <line number="81" hits="2" branch="False" />
                <line number="82" hits="2" branch="False" />
                <line number="83" hits="2" branch="False" />
                <line number="84" hits="2" branch="False" />
                <line number="85" hits="2" branch="False" />
                <line number="86" hits="2" branch="False" />
                <line number="87" hits="2" branch="False" />
                <line number="88" hits="2" branch="False" />
                <line number="89" hits="2" branch="False" />
                <line number="90" hits="2" branch="False" />
                <line number="91" hits="2" branch="False" />
                <line number="92" hits="2" branch="False" />
                <line number="93" hits="2" branch="False" />
                <line number="94" hits="2" branch="False" />
                <line number="95" hits="2" branch="False" />
                <line number="96" hits="2" branch="False" />
                <line number="97" hits="2" branch="False" />
                <line number="98" hits="2" branch="False" />
                <line number="99" hits="2" branch="False" />
                <line number="100" hits="2" branch="False" />
                <line number="101" hits="2" branch="False" />
                <line number="102" hits="2" branch="False" />
                <line number="103" hits="2" branch="False" />
                <line number="104" hits="2" branch="False" />
                <line number="105" hits="2" branch="False" />
                <line number="106" hits="2" branch="False" />
                <line number="107" hits="2" branch="False" />
                <line number="108" hits="2" branch="False" />
                <line number="109" hits="2" branch="False" />
                <line number="110" hits="2" branch="False" />
                <line number="111" hits="2" branch="False" />
                <line number="112" hits="2" branch="False" />
                <line number="113" hits="2" branch="False" />
                <line number="114" hits="2" branch="False" />
                <line number="115" hits="2" branch="False" />
                <line number="116" hits="2" branch="False" />
                <line number="117" hits="2" branch="False" />
                <line number="118" hits="2" branch="False" />
                <line number="119" hits="2" branch="False" />
                <line number="120" hits="2" branch="False" />
                <line number="121" hits="2" branch="False" />
                <line number="122" hits="2" branch="False" />
                <line number="123" hits="2" branch="False" />
                <line number="124" hits="2" branch="False" />
                <line number="125" hits="2" branch="False" />
                <line number="126" hits="2" branch="False" />
                <line number="127" hits="2" branch="False" />
                <line number="128" hits="2" branch="False" />
                <line number="129" hits="2" branch="False" />
                <line number="130" hits="2" branch="False" />
                <line number="131" hits="2" branch="False" />
                <line number="132" hits="2" branch="False" />
                <line number="133" hits="2" branch="False" />
                <line number="134" hits="2" branch="False" />
                <line number="135" hits="2" branch="False" />
                <line number="136" hits="2" branch="False" />
                <line number="137" hits="2" branch="False" />
                <line number="139" hits="2" branch="False" />
                <line number="140" hits="2" branch="False" />
              </lines>
            </method>
            <method name="FillMuseums" signature="()" line-rate="1" branch-rate="1" complexity="1">
              <lines>
                <line number="144" hits="1" branch="False" />
                <line number="145" hits="1" branch="False" />
                <line number="146" hits="1" branch="False" />
                <line number="147" hits="1" branch="False" />
                <line number="148" hits="1" branch="False" />
                <line number="149" hits="1" branch="False" />
                <line number="150" hits="1" branch="False" />
                <line number="151" hits="1" branch="False" />
                <line number="152" hits="1" branch="False" />
                <line number="153" hits="1" branch="False" />
                <line number="154" hits="1" branch="False" />
                <line number="155" hits="1" branch="False" />
                <line number="156" hits="1" branch="False" />
                <line number="157" hits="1" branch="False" />
                <line number="158" hits="1" branch="False" />
                <line number="159" hits="1" branch="False" />
                <line number="160" hits="1" branch="False" />
                <line number="161" hits="1" branch="False" />
                <line number="162" hits="1" branch="False" />
                <line number="163" hits="1" branch="False" />
                <line number="164" hits="1" branch="False" />
                <line number="165" hits="1" branch="False" />
                <line number="166" hits="1" branch="False" />
                <line number="167" hits="1" branch="False" />
                <line number="168" hits="1" branch="False" />
                <line number="169" hits="1" branch="False" />
                <line number="170" hits="1" branch="False" />
                <line number="171" hits="1" branch="False" />
                <line number="172" hits="1" branch="False" />
                <line number="173" hits="1" branch="False" />
                <line number="174" hits="1" branch="False" />
                <line number="175" hits="1" branch="False" />
                <line number="176" hits="1" branch="False" />
                <line number="177" hits="1" branch="False" />
                <line number="178" hits="1" branch="False" />
                <line number="179" hits="1" branch="False" />
                <line number="180" hits="1" branch="False" />
                <line number="181" hits="1" branch="False" />
                <line number="182" hits="1" branch="False" />
                <line number="183" hits="1" branch="False" />
                <line number="184" hits="1" branch="False" />
                <line number="185" hits="1" branch="False" />
                <line number="186" hits="1" branch="False" />
                <line number="187" hits="1" branch="False" />
                <line number="188" hits="1" branch="False" />
                <line number="189" hits="1" branch="False" />
                <line number="190" hits="1" branch="False" />
                <line number="191" hits="1" branch="False" />
                <line number="192" hits="1" branch="False" />
                <line number="193" hits="1" branch="False" />
                <line number="194" hits="1" branch="False" />
                <line number="195" hits="1" branch="False" />
                <line number="196" hits="1" branch="False" />
                <line number="197" hits="1" branch="False" />
                <line number="198" hits="1" branch="False" />
                <line number="199" hits="1" branch="False" />
                <line number="200" hits="1" branch="False" />
                <line number="201" hits="1" branch="False" />
                <line number="202" hits="1" branch="False" />
                <line number="203" hits="1" branch="False" />
                <line number="204" hits="1" branch="False" />
                <line number="205" hits="1" branch="False" />
                <line number="206" hits="1" branch="False" />
                <line number="208" hits="1" branch="False" />
                <line number="209" hits="1" branch="False" />
              </lines>
            </method>
            <method name="FillChurches" signature="()" line-rate="0" branch-rate="1" complexity="1">
              <lines>
                <line number="213" hits="0" branch="False" />
                <line number="214" hits="0" branch="False" />
                <line number="215" hits="0" branch="False" />
                <line number="216" hits="0" branch="False" />
                <line number="217" hits="0" branch="False" />
                <line number="218" hits="0" branch="False" />
                <line number="219" hits="0" branch="False" />
                <line number="220" hits="0" branch="False" />
                <line number="221" hits="0" branch="False" />
                <line number="222" hits="0" branch="False" />
                <line number="223" hits="0" branch="False" />
                <line number="224" hits="0" branch="False" />
                <line number="225" hits="0" branch="False" />
                <line number="226" hits="0" branch="False" />
                <line number="227" hits="0" branch="False" />
                <line number="228" hits="0" branch="False" />
                <line number="229" hits="0" branch="False" />
                <line number="230" hits="0" branch="False" />
                <line number="231" hits="0" branch="False" />
                <line number="232" hits="0" branch="False" />
                <line number="233" hits="0" branch="False" />
                <line number="234" hits="0" branch="False" />
                <line number="235" hits="0" branch="False" />
                <line number="236" hits="0" branch="False" />
                <line number="237" hits="0" branch="False" />
                <line number="238" hits="0" branch="False" />
                <line number="239" hits="0" branch="False" />
                <line number="240" hits="0" branch="False" />
                <line number="241" hits="0" branch="False" />
                <line number="242" hits="0" branch="False" />
                <line number="243" hits="0" branch="False" />
                <line number="244" hits="0" branch="False" />
                <line number="245" hits="0" branch="False" />
                <line number="246" hits="0" branch="False" />
                <line number="248" hits="0" branch="False" />
                <line number="249" hits="0" branch="False" />
              </lines>
            </method>
          </methods>
          <lines>
            <line number="18" hits="0" branch="False" />
            <line number="19" hits="0" branch="False" />
            <line number="20" hits="0" branch="False" />
            <line number="21" hits="0" branch="False" />
            <line number="22" hits="0" branch="False" />
            <line number="23" hits="0" branch="False" />
            <line number="24" hits="0" branch="False" />
            <line number="26" hits="0" branch="False" />
            <line number="27" hits="0" branch="False" />
            <line number="30" hits="0" branch="False" />
            <line number="31" hits="0" branch="False" />
            <line number="32" hits="0" branch="False" />
            <line number="33" hits="0" branch="False" />
            <line number="34" hits="0" branch="False" />
            <line number="35" hits="0" branch="False" />
            <line number="36" hits="0" branch="False" />
            <line number="37" hits="0" branch="False" />
            <line number="38" hits="0" branch="False" />
            <line number="39" hits="0" branch="False" />
            <line number="41" hits="0" branch="False" />
            <line number="42" hits="0" branch="False" />
            <line number="45" hits="2" branch="False" />
            <line number="46" hits="2" branch="False" />
            <line number="47" hits="2" branch="False" />
            <line number="48" hits="2" branch="False" />
            <line number="49" hits="2" branch="False" />
            <line number="50" hits="2" branch="False" />
            <line number="51" hits="2" branch="False" />
            <line number="52" hits="2" branch="False" />
            <line number="53" hits="2" branch="False" />
            <line number="54" hits="2" branch="False" />
            <line number="55" hits="2" branch="False" />
            <line number="56" hits="2" branch="False" />
            <line number="57" hits="2" branch="False" />
            <line number="58" hits="2" branch="False" />
            <line number="59" hits="2" branch="False" />
            <line number="60" hits="2" branch="False" />
            <line number="61" hits="2" branch="False" />
            <line number="62" hits="2" branch="False" />
            <line number="63" hits="2" branch="False" />
            <line number="64" hits="2" branch="False" />
            <line number="65" hits="2" branch="False" />
            <line number="66" hits="2" branch="False" />
            <line number="67" hits="2" branch="False" />
            <line number="68" hits="2" branch="False" />
            <line number="69" hits="2" branch="False" />
            <line number="70" hits="2" branch="False" />
            <line number="71" hits="2" branch="False" />
            <line number="72" hits="2" branch="False" />
            <line number="73" hits="2" branch="False" />
            <line number="74" hits="2" branch="False" />
            <line number="75" hits="2" branch="False" />
            <line number="76" hits="2" branch="False" />
            <line number="77" hits="2" branch="False" />
            <line number="78" hits="2" branch="False" />
            <line number="79" hits="2" branch="False" />
            <line number="80" hits="2" branch="False" />
            <line number="81" hits="2" branch="False" />
            <line number="82" hits="2" branch="False" />
            <line number="83" hits="2" branch="False" />
            <line number="84" hits="2" branch="False" />
            <line number="85" hits="2" branch="False" />
            <line number="86" hits="2" branch="False" />
            <line number="87" hits="2" branch="False" />
            <line number="88" hits="2" branch="False" />
            <line number="89" hits="2" branch="False" />
            <line number="90" hits="2" branch="False" />
            <line number="91" hits="2" branch="False" />
            <line number="92" hits="2" branch="False" />
            <line number="93" hits="2" branch="False" />
            <line number="94" hits="2" branch="False" />
            <line number="95" hits="2" branch="False" />
            <line number="96" hits="2" branch="False" />
            <line number="97" hits="2" branch="False" />
            <line number="98" hits="2" branch="False" />
            <line number="99" hits="2" branch="False" />
            <line number="100" hits="2" branch="False" />
            <line number="101" hits="2" branch="False" />
            <line number="102" hits="2" branch="False" />
            <line number="103" hits="2" branch="False" />
            <line number="104" hits="2" branch="False" />
            <line number="105" hits="2" branch="False" />
            <line number="106" hits="2" branch="False" />
            <line number="107" hits="2" branch="False" />
            <line number="108" hits="2" branch="False" />
            <line number="109" hits="2" branch="False" />
            <line number="110" hits="2" branch="False" />
            <line number="111" hits="2" branch="False" />
            <line number="112" hits="2" branch="False" />
            <line number="113" hits="2" branch="False" />
            <line number="114" hits="2" branch="False" />
            <line number="115" hits="2" branch="False" />
            <line number="116" hits="2" branch="False" />
            <line number="117" hits="2" branch="False" />
            <line number="118" hits="2" branch="False" />
            <line number="119" hits="2" branch="False" />
            <line number="120" hits="2" branch="False" />
            <line number="121" hits="2" branch="False" />
            <line number="122" hits="2" branch="False" />
            <line number="123" hits="2" branch="False" />
            <line number="124" hits="2" branch="False" />
            <line number="125" hits="2" branch="False" />
            <line number="126" hits="2" branch="False" />
            <line number="127" hits="2" branch="False" />
            <line number="128" hits="2" branch="False" />
            <line number="129" hits="2" branch="False" />
            <line number="130" hits="2" branch="False" />
            <line number="131" hits="2" branch="False" />
            <line number="132" hits="2" branch="False" />
            <line number="133" hits="2" branch="False" />
            <line number="134" hits="2" branch="False" />
            <line number="135" hits="2" branch="False" />
            <line number="136" hits="2" branch="False" />
            <line number="137" hits="2" branch="False" />
            <line number="139" hits="2" branch="False" />
            <line number="140" hits="2" branch="False" />
            <line number="144" hits="1" branch="False" />
            <line number="145" hits="1" branch="False" />
            <line number="146" hits="1" branch="False" />
            <line number="147" hits="1" branch="False" />
            <line number="148" hits="1" branch="False" />
            <line number="149" hits="1" branch="False" />
            <line number="150" hits="1" branch="False" />
            <line number="151" hits="1" branch="False" />
            <line number="152" hits="1" branch="False" />
            <line number="153" hits="1" branch="False" />
            <line number="154" hits="1" branch="False" />
            <line number="155" hits="1" branch="False" />
            <line number="156" hits="1" branch="False" />
            <line number="157" hits="1" branch="False" />
            <line number="158" hits="1" branch="False" />
            <line number="159" hits="1" branch="False" />
            <line number="160" hits="1" branch="False" />
            <line number="161" hits="1" branch="False" />
            <line number="162" hits="1" branch="False" />
            <line number="163" hits="1" branch="False" />
            <line number="164" hits="1" branch="False" />
            <line number="165" hits="1" branch="False" />
            <line number="166" hits="1" branch="False" />
            <line number="167" hits="1" branch="False" />
            <line number="168" hits="1" branch="False" />
            <line number="169" hits="1" branch="False" />
            <line number="170" hits="1" branch="False" />
            <line number="171" hits="1" branch="False" />
            <line number="172" hits="1" branch="False" />
            <line number="173" hits="1" branch="False" />
            <line number="174" hits="1" branch="False" />
            <line number="175" hits="1" branch="False" />
            <line number="176" hits="1" branch="False" />
            <line number="177" hits="1" branch="False" />
            <line number="178" hits="1" branch="False" />
            <line number="179" hits="1" branch="False" />
            <line number="180" hits="1" branch="False" />
            <line number="181" hits="1" branch="False" />
            <line number="182" hits="1" branch="False" />
            <line number="183" hits="1" branch="False" />
            <line number="184" hits="1" branch="False" />
            <line number="185" hits="1" branch="False" />
            <line number="186" hits="1" branch="False" />
            <line number="187" hits="1" branch="False" />
            <line number="188" hits="1" branch="False" />
            <line number="189" hits="1" branch="False" />
            <line number="190" hits="1" branch="False" />
            <line number="191" hits="1" branch="False" />
            <line number="192" hits="1" branch="False" />
            <line number="193" hits="1" branch="False" />
            <line number="194" hits="1" branch="False" />
            <line number="195" hits="1" branch="False" />
            <line number="196" hits="1" branch="False" />
            <line number="197" hits="1" branch="False" />
            <line number="198" hits="1" branch="False" />
            <line number="199" hits="1" branch="False" />
            <line number="200" hits="1" branch="False" />
            <line number="201" hits="1" branch="False" />
            <line number="202" hits="1" branch="False" />
            <line number="203" hits="1" branch="False" />
            <line number="204" hits="1" branch="False" />
            <line number="205" hits="1" branch="False" />
            <line number="206" hits="1" branch="False" />
            <line number="208" hits="1" branch="False" />
            <line number="209" hits="1" branch="False" />
            <line number="213" hits="0" branch="False" />
            <line number="214" hits="0" branch="False" />
            <line number="215" hits="0" branch="False" />
            <line number="216" hits="0" branch="False" />
            <line number="217" hits="0" branch="False" />
            <line number="218" hits="0" branch="False" />
            <line number="219" hits="0" branch="False" />
            <line number="220" hits="0" branch="False" />
            <line number="221" hits="0" branch="False" />
            <line number="222" hits="0" branch="False" />
            <line number="223" hits="0" branch="False" />
            <line number="224" hits="0" branch="False" />
            <line number="225" hits="0" branch="False" />
            <line number="226" hits="0" branch="False" />
            <line number="227" hits="0" branch="False" />
            <line number="228" hits="0" branch="False" />
            <line number="229" hits="0" branch="False" />
            <line number="230" hits="0" branch="False" />
            <line number="231" hits="0" branch="False" />
            <line number="232" hits="0" branch="False" />
            <line number="233" hits="0" branch="False" />
            <line number="234" hits="0" branch="False" />
            <line number="235" hits="0" branch="False" />
            <line number="236" hits="0" branch="False" />
            <line number="237" hits="0" branch="False" />
            <line number="238" hits="0" branch="False" />
            <line number="239" hits="0" branch="False" />
            <line number="240" hits="0" branch="False" />
            <line number="241" hits="0" branch="False" />
            <line number="242" hits="0" branch="False" />
            <line number="243" hits="0" branch="False" />
            <line number="244" hits="0" branch="False" />
            <line number="245" hits="0" branch="False" />
            <line number="246" hits="0" branch="False" />
            <line number="248" hits="0" branch="False" />
            <line number="249" hits="0" branch="False" />
          </lines>
        </class>
        <class name="CityAttraction.Cities.City" filename="Cities\City.cs" line-rate="0" branch-rate="1" complexity="2">
          <methods>
            <method name="get_Name" signature="()" line-rate="0" branch-rate="1" complexity="1">
              <lines>
                <line number="5" hits="0" branch="False" />
              </lines>
            </method>
            <method name="get_Description" signature="()" line-rate="0" branch-rate="1" complexity="1">
              <lines>
                <line number="6" hits="0" branch="False" />
              </lines>
            </method>
          </methods>
          <lines>
            <line number="5" hits="0" branch="False" />
            <line number="6" hits="0" branch="False" />
          </lines>
        </class>
        <class name="CityAttraction.Attractions.Attraction" filename="Attractions\Attraction.cs" line-rate="0.5714" branch-rate="1" complexity="5">
          <methods>
            <method name="get_City" signature="()" line-rate="1" branch-rate="1" complexity="1">
              <lines>
                <line number="5" hits="24" branch="False" />
              </lines>
            </method>
            <method name="get_Name" signature="()" line-rate="1" branch-rate="1" complexity="1">
              <lines>
                <line number="6" hits="10" branch="False" />
              </lines>
            </method>
            <method name="get_Type" signature="()" line-rate="1" branch-rate="1" complexity="1">
              <lines>
                <line number="7" hits="10" branch="False" />
              </lines>
            </method>
            <method name="get_Description" signature="()" line-rate="1" branch-rate="1" complexity="1">
              <lines>
                <line number="8" hits="10" branch="False" />
              </lines>
            </method>
            <method name="ToString" signature="()" line-rate="0" branch-rate="1" complexity="1">
              <lines>
                <line number="11" hits="0" branch="False" />
                <line number="12" hits="0" branch="False" />
                <line number="13" hits="0" branch="False" />
              </lines>
            </method>
          </methods>
          <lines>
            <line number="5" hits="24" branch="False" />
            <line number="6" hits="10" branch="False" />
            <line number="7" hits="10" branch="False" />
            <line number="8" hits="10" branch="False" />
            <line number="11" hits="0" branch="False" />
            <line number="12" hits="0" branch="False" />
            <line number="13" hits="0" branch="False" />
          </lines>
        </class>
        <class name="CityAttraction.Attractions.Zoos.Zoo" filename="Attractions\Zoos\Zoo.cs" line-rate="1" branch-rate="1" complexity="1">
          <methods>
            <method name="get_Animals" signature="()" line-rate="1" branch-rate="1" complexity="1">
              <lines>
                <line number="7" hits="16" branch="False" />
              </lines>
            </method>
          </methods>
          <lines>
            <line number="7" hits="16" branch="False" />
          </lines>
        </class>
        <class name="CityAttraction.Attractions.Zoos.Animals.Animal" filename="Attractions\Zoos\Animals\Animal.cs" line-rate="1" branch-rate="1" complexity="7">
          <methods>
            <method name="get_Sex" signature="()" line-rate="1" branch-rate="1" complexity="1">
              <lines>
                <line number="17" hits="18" branch="False" />
              </lines>
            </method>
            <method name="get_Age" signature="()" line-rate="1" branch-rate="1" complexity="1">
              <lines>
                <line number="18" hits="18" branch="False" />
              </lines>
            </method>
            <method name="get_FirstName" signature="()" line-rate="1" branch-rate="1" complexity="1">
              <lines>
                <line number="19" hits="24" branch="False" />
              </lines>
            </method>
            <method name="get_Species" signature="()" line-rate="1" branch-rate="1" complexity="1">
              <lines>
                <line number="20" hits="18" branch="False" />
              </lines>
            </method>
            <method name="get_OriginalZoo" signature="()" line-rate="1" branch-rate="1" complexity="1">
              <lines>
                <line number="21" hits="13" branch="False" />
              </lines>
            </method>
            <method name="get_IsGuest" signature="()" line-rate="1" branch-rate="1" complexity="1">
              <lines>
                <line number="22" hits="8" branch="False" />
              </lines>
            </method>
            <method name=".ctor" signature="(System.String)" line-rate="1" branch-rate="1" complexity="1">
              <lines>
                <line number="24" hits="12" branch="False" />
                <line number="25" hits="12" branch="False" />
                <line number="26" hits="12" branch="False" />
                <line number="27" hits="12" branch="False" />
              </lines>
            </method>
          </methods>
          <lines>
            <line number="17" hits="18" branch="False" />
            <line number="18" hits="18" branch="False" />
            <line number="19" hits="24" branch="False" />
            <line number="20" hits="18" branch="False" />
            <line number="21" hits="13" branch="False" />
            <line number="22" hits="8" branch="False" />
            <line number="24" hits="12" branch="False" />
            <line number="25" hits="12" branch="False" />
            <line number="26" hits="12" branch="False" />
            <line number="27" hits="12" branch="False" />
          </lines>
        </class>
        <class name="CityAttraction.Attractions.Zoos.Animals.Fish" filename="Attractions\Zoos\Animals\Fish.cs" line-rate="1" branch-rate="1" complexity="3">
          <methods>
            <method name="get_Water" signature="()" line-rate="1" branch-rate="1" complexity="1">
              <lines>
                <line number="6" hits="9" branch="False" />
              </lines>
            </method>
            <method name="ToString" signature="()" line-rate="1" branch-rate="1" complexity="1">
              <lines>
                <line number="9" hits="3" branch="False" />
                <line number="10" hits="3" branch="False" />
                <line number="11" hits="3" branch="False" />
              </lines>
            </method>
            <method name=".ctor" signature="()" line-rate="1" branch-rate="1" complexity="1">
              <lines>
                <line number="5" hits="18" branch="False" />
              </lines>
            </method>
          </methods>
          <lines>
            <line number="6" hits="9" branch="False" />
            <line number="9" hits="3" branch="False" />
            <line number="10" hits="3" branch="False" />
            <line number="11" hits="3" branch="False" />
            <line number="5" hits="18" branch="False" />
          </lines>
        </class>
        <class name="CityAttraction.Attractions.Zoos.Animals.Mammal" filename="Attractions\Zoos\Animals\Mammal.cs" line-rate="1" branch-rate="1" complexity="3">
          <methods>
            <method name="get_LifeExpectancy" signature="()" line-rate="1" branch-rate="1" complexity="1">
              <lines>
                <line number="6" hits="6" branch="False" />
              </lines>
            </method>
            <method name="ToString" signature="()" line-rate="1" branch-rate="1" complexity="1">
              <lines>
                <line number="9" hits="2" branch="False" />
                <line number="10" hits="2" branch="False" />
                <line number="11" hits="2" branch="False" />
              </lines>
            </method>
            <method name=".ctor" signature="()" line-rate="1" branch-rate="1" complexity="1">
              <lines>
                <line number="5" hits="12" branch="False" />
              </lines>
            </method>
          </methods>
          <lines>
            <line number="6" hits="6" branch="False" />
            <line number="9" hits="2" branch="False" />
            <line number="10" hits="2" branch="False" />
            <line number="11" hits="2" branch="False" />
            <line number="5" hits="12" branch="False" />
          </lines>
        </class>
        <class name="CityAttraction.Attractions.Zoos.Animals.Reptile" filename="Attractions\Zoos\Animals\Reptile.cs" line-rate="1" branch-rate="1" complexity="3">
          <methods>
            <method name="get_FavoriteFood" signature="()" line-rate="1" branch-rate="1" complexity="1">
              <lines>
                <line number="7" hits="3" branch="False" />
              </lines>
            </method>
            <method name="ToString" signature="()" line-rate="1" branch-rate="1" complexity="1">
              <lines>
                <line number="10" hits="1" branch="False" />
                <line number="11" hits="1" branch="False" />
                <line number="12" hits="1" branch="False" />
              </lines>
            </method>
            <method name=".ctor" signature="()" line-rate="1" branch-rate="1" complexity="1">
              <lines>
                <line number="5" hits="6" branch="False" />
              </lines>
            </method>
          </methods>
          <lines>
            <line number="7" hits="3" branch="False" />
            <line number="10" hits="1" branch="False" />
            <line number="11" hits="1" branch="False" />
            <line number="12" hits="1" branch="False" />
            <line number="5" hits="6" branch="False" />
          </lines>
        </class>
        <class name="CityAttraction.Attractions.Museums.Museum" filename="Attractions\Museums\Museum.cs" line-rate="1" branch-rate="1" complexity="1">
          <methods>
            <method name="get_Artifacts" signature="()" line-rate="1" branch-rate="1" complexity="1">
              <lines>
                <line number="7" hits="3" branch="False" />
              </lines>
            </method>
          </methods>
          <lines>
            <line number="7" hits="3" branch="False" />
          </lines>
        </class>
        <class name="CityAttraction.Attractions.Museums.Artifacts.Artifact" filename="Attractions\Museums\Artifacts\Artifact.cs" line-rate="1" branch-rate="1" complexity="5">
          <methods>
            <method name="get_Name" signature="()" line-rate="1" branch-rate="1" complexity="1">
              <lines>
                <line number="5" hits="8" branch="False" />
              </lines>
            </method>
            <method name="get_FindPlace" signature="()" line-rate="1" branch-rate="1" complexity="1">
              <lines>
                <line number="6" hits="8" branch="False" />
              </lines>
            </method>
            <method name="get_FindWhen" signature="()" line-rate="1" branch-rate="1" complexity="1">
              <lines>
                <line number="7" hits="8" branch="False" />
              </lines>
            </method>
            <method name="get_IsTemporaryExhibition" signature="()" line-rate="1" branch-rate="1" complexity="1">
              <lines>
                <line number="8" hits="5" branch="False" />
              </lines>
            </method>
            <method name="get_OnDisplayTill" signature="()" line-rate="1" branch-rate="1" complexity="1">
              <lines>
                <line number="9" hits="2" branch="False" />
              </lines>
            </method>
          </methods>
          <lines>
            <line number="5" hits="8" branch="False" />
            <line number="6" hits="8" branch="False" />
            <line number="7" hits="8" branch="False" />
            <line number="8" hits="5" branch="False" />
            <line number="9" hits="2" branch="False" />
          </lines>
        </class>
        <class name="CityAttraction.Attractions.Museums.Artifacts.Jewelry" filename="Attractions\Museums\Artifacts\Jewelry.cs" line-rate="1" branch-rate="1" complexity="2">
          <methods>
            <method name="get_Whose" signature="()" line-rate="1" branch-rate="1" complexity="1">
              <lines>
                <line number="5" hits="2" branch="False" />
              </lines>
            </method>
            <method name="ToString" signature="()" line-rate="1" branch-rate="1" complexity="1">
              <lines>
                <line number="7" hits="1" branch="False" />
                <line number="8" hits="1" branch="False" />
                <line number="9" hits="1" branch="False" />
              </lines>
            </method>
          </methods>
          <lines>
            <line number="5" hits="2" branch="False" />
            <line number="7" hits="1" branch="False" />
            <line number="8" hits="1" branch="False" />
            <line number="9" hits="1" branch="False" />
          </lines>
        </class>
        <class name="CityAttraction.Attractions.Museums.Artifacts.Painting" filename="Attractions\Museums\Artifacts\Painting.cs" line-rate="1" branch-rate="1" complexity="2">
          <methods>
            <method name="get_Style" signature="()" line-rate="1" branch-rate="1" complexity="1">
              <lines>
                <line number="5" hits="3" branch="False" />
              </lines>
            </method>
            <method name="ToString" signature="()" line-rate="1" branch-rate="1" complexity="1">
              <lines>
                <line number="7" hits="1" branch="False" />
                <line number="8" hits="1" branch="False" />
                <line number="9" hits="1" branch="False" />
              </lines>
            </method>
          </methods>
          <lines>
            <line number="5" hits="3" branch="False" />
            <line number="7" hits="1" branch="False" />
            <line number="8" hits="1" branch="False" />
            <line number="9" hits="1" branch="False" />
          </lines>
        </class>
        <class name="CityAttraction.Attractions.Museums.Artifacts.Statue" filename="Attractions\Museums\Artifacts\Statue.cs" line-rate="1" branch-rate="1" complexity="2">
          <methods>
            <method name="get_MadeOf" signature="()" line-rate="1" branch-rate="1" complexity="1">
              <lines>
                <line number="5" hits="3" branch="False" />
              </lines>
            </method>
            <method name="ToString" signature="()" line-rate="1" branch-rate="1" complexity="1">
              <lines>
                <line number="7" hits="1" branch="False" />
                <line number="8" hits="1" branch="False" />
                <line number="9" hits="1" branch="False" />
              </lines>
            </method>
          </methods>
          <lines>
            <line number="5" hits="3" branch="False" />
            <line number="7" hits="1" branch="False" />
            <line number="8" hits="1" branch="False" />
            <line number="9" hits="1" branch="False" />
          </lines>
        </class>
        <class name="CityAttraction.Attractions.Churches.Church" filename="Attractions\Churches\Church.cs" line-rate="0" branch-rate="1" complexity="4">
          <methods>
            <method name="get_Style" signature="()" line-rate="0" branch-rate="1" complexity="1">
              <lines>
                <line number="5" hits="0" branch="False" />
              </lines>
            </method>
            <method name="get_StyleDetails" signature="()" line-rate="0" branch-rate="1" complexity="1">
              <lines>
                <line number="6" hits="0" branch="False" />
              </lines>
            </method>
            <method name="get_Builder" signature="()" line-rate="0" branch-rate="1" complexity="1">
              <lines>
                <line number="7" hits="0" branch="False" />
              </lines>
            </method>
            <method name="get_Religion" signature="()" line-rate="0" branch-rate="1" complexity="1">
              <lines>
                <line number="8" hits="0" branch="False" />
              </lines>
            </method>
          </methods>
          <lines>
            <line number="5" hits="0" branch="False" />
            <line number="6" hits="0" branch="False" />
            <line number="7" hits="0" branch="False" />
            <line number="8" hits="0" branch="False" />
          </lines>
        </class>
      </classes>
    </package>
  </packages>
</coverage>